[2019-07-24 11:21:08] testing.DEBUG: array (
)  
[2019-07-24 11:29:09] testing.DEBUG: array (
)  
[2019-07-24 11:39:42] local.DEBUG: array (
)  
[2019-07-24 11:44:34] local.DEBUG: array (
)  
[2019-07-24 11:58:46] testing.DEBUG: array (
)  
[2019-07-24 11:58:46] testing.DEBUG: array (
)  
[2019-07-24 13:18:32] testing.DEBUG: array (
)  
[2019-07-24 13:20:39] testing.DEBUG: array (
)  
[2019-07-24 13:20:39] testing.DEBUG: array (
)  
[2019-07-24 13:20:39] testing.DEBUG: array (
)  
[2019-07-24 13:21:38] local.ERROR: Class 'tcCore\Providers\NotFoundHttpException' not found {"userId":1486,"exception":"[object] (Symfony\\Component\\Debug\\Exception\\FatalThrowableError(code: 0): Class 'tcCore\\Providers\\NotFoundHttpException' not found at /home/vagrant/ssd/test-correct/app/Providers/RouteServiceProvider.php:222)
[stacktrace]
#0 [internal function]: tcCore\\Providers\\RouteServiceProvider->tcCore\\Providers\\{closure}('undefined')
#1 /home/vagrant/ssd/test-correct/vendor/laravel/framework/src/Illuminate/Routing/RouteBinding.php(76): call_user_func(Object(Closure), 'undefined')
#2 [internal function]: Illuminate\\Routing\\RouteBinding::Illuminate\\Routing\\{closure}('undefined', Object(Illuminate\\Routing\\Route))
#3 /home/vagrant/ssd/test-correct/vendor/laravel/framework/src/Illuminate/Routing/Router.php(802): call_user_func(Object(Closure), 'undefined', Object(Illuminate\\Routing\\Route))
#4 /home/vagrant/ssd/test-correct/vendor/laravel/framework/src/Illuminate/Routing/Router.php(770): Illuminate\\Routing\\Router->performBinding('test', 'undefined', Object(Illuminate\\Routing\\Route))
#5 /home/vagrant/ssd/test-correct/vendor/laravel/framework/src/Illuminate/Routing/Middleware/SubstituteBindings.php(37): Illuminate\\Routing\\Router->substituteBindings(Object(Illuminate\\Routing\\Route))
#6 /home/vagrant/ssd/test-correct/vendor/laravel/framework/src/Illuminate/Pipeline/Pipeline.php(163): Illuminate\\Routing\\Middleware\\SubstituteBindings->handle(Object(Illuminate\\Http\\Request), Object(Closure))
#7 /home/vagrant/ssd/test-correct/vendor/laravel/framework/src/Illuminate/Routing/Pipeline.php(53): Illuminate\\Pipeline\\Pipeline->Illuminate\\Pipeline\\{closure}(Object(Illuminate\\Http\\Request))
#8 /home/vagrant/ssd/test-correct/app/Http/Middleware/AuthorizeBinds.php(25): Illuminate\\Routing\\Pipeline->Illuminate\\Routing\\{closure}(Object(Illuminate\\Http\\Request))
#9 /home/vagrant/ssd/test-correct/vendor/laravel/framework/src/Illuminate/Pipeline/Pipeline.php(163): tcCore\\Http\\Middleware\\AuthorizeBinds->handle(Object(Illuminate\\Http\\Request), Object(Closure))
#10 /home/vagrant/ssd/test-correct/vendor/laravel/framework/src/Illuminate/Routing/Pipeline.php(53): Illuminate\\Pipeline\\Pipeline->Illuminate\\Pipeline\\{closure}(Object(Illuminate\\Http\\Request))
#11 /home/vagrant/ssd/test-correct/app/Http/Middleware/Authorize.php(132): Illuminate\\Routing\\Pipeline->Illuminate\\Routing\\{closure}(Object(Illuminate\\Http\\Request))
#12 /home/vagrant/ssd/test-correct/vendor/laravel/framework/src/Illuminate/Pipeline/Pipeline.php(163): tcCore\\Http\\Middleware\\Authorize->handle(Object(Illuminate\\Http\\Request), Object(Closure))
#13 /home/vagrant/ssd/test-correct/vendor/laravel/framework/src/Illuminate/Routing/Pipeline.php(53): Illuminate\\Pipeline\\Pipeline->Illuminate\\Pipeline\\{closure}(Object(Illuminate\\Http\\Request))
#14 /home/vagrant/ssd/test-correct/app/Http/Middleware/DuplicateLogin.php(31): Illuminate\\Routing\\Pipeline->Illuminate\\Routing\\{closure}(Object(Illuminate\\Http\\Request))
#15 /home/vagrant/ssd/test-correct/vendor/laravel/framework/src/Illuminate/Pipeline/Pipeline.php(163): tcCore\\Http\\Middleware\\DuplicateLogin->handle(Object(Illuminate\\Http\\Request), Object(Closure))
#16 /home/vagrant/ssd/test-correct/vendor/laravel/framework/src/Illuminate/Routing/Pipeline.php(53): Illuminate\\Pipeline\\Pipeline->Illuminate\\Pipeline\\{closure}(Object(Illuminate\\Http\\Request))
#17 /home/vagrant/ssd/test-correct/app/Http/Middleware/ApiKey.php(44): Illuminate\\Routing\\Pipeline->Illuminate\\Routing\\{closure}(Object(Illuminate\\Http\\Request))
#18 /home/vagrant/ssd/test-correct/vendor/laravel/framework/src/Illuminate/Pipeline/Pipeline.php(163): tcCore\\Http\\Middleware\\ApiKey->handle(Object(Illuminate\\Http\\Request), Object(Closure))
#19 /home/vagrant/ssd/test-correct/vendor/laravel/framework/src/Illuminate/Routing/Pipeline.php(53): Illuminate\\Pipeline\\Pipeline->Illuminate\\Pipeline\\{closure}(Object(Illuminate\\Http\\Request))
#20 /home/vagrant/ssd/test-correct/vendor/laravel/framework/src/Illuminate/Pipeline/Pipeline.php(104): Illuminate\\Routing\\Pipeline->Illuminate\\Routing\\{closure}(Object(Illuminate\\Http\\Request))
#21 /home/vagrant/ssd/test-correct/vendor/laravel/framework/src/Illuminate/Routing/Router.php(682): Illuminate\\Pipeline\\Pipeline->then(Object(Closure))
#22 /home/vagrant/ssd/test-correct/vendor/laravel/framework/src/Illuminate/Routing/Router.php(657): Illuminate\\Routing\\Router->runRouteWithinStack(Object(Illuminate\\Routing\\Route), Object(Illuminate\\Http\\Request))
#23 /home/vagrant/ssd/test-correct/vendor/laravel/framework/src/Illuminate/Routing/Router.php(623): Illuminate\\Routing\\Router->runRoute(Object(Illuminate\\Http\\Request), Object(Illuminate\\Routing\\Route))
#24 /home/vagrant/ssd/test-correct/vendor/laravel/framework/src/Illuminate/Routing/Router.php(612): Illuminate\\Routing\\Router->dispatchToRoute(Object(Illuminate\\Http\\Request))
#25 /home/vagrant/ssd/test-correct/vendor/laravel/framework/src/Illuminate/Foundation/Http/Kernel.php(176): Illuminate\\Routing\\Router->dispatch(Object(Illuminate\\Http\\Request))
#26 /home/vagrant/ssd/test-correct/vendor/laravel/framework/src/Illuminate/Routing/Pipeline.php(30): Illuminate\\Foundation\\Http\\Kernel->Illuminate\\Foundation\\Http\\{closure}(Object(Illuminate\\Http\\Request))
#27 /home/vagrant/ssd/test-correct/app/Http/Middleware/RequestLogger.php(25): Illuminate\\Routing\\Pipeline->Illuminate\\Routing\\{closure}(Object(Illuminate\\Http\\Request))
#28 /home/vagrant/ssd/test-correct/vendor/laravel/framework/src/Illuminate/Pipeline/Pipeline.php(163): tcCore\\Http\\Middleware\\RequestLogger->handle(Object(Illuminate\\Http\\Request), Object(Closure))
#29 /home/vagrant/ssd/test-correct/vendor/laravel/framework/src/Illuminate/Routing/Pipeline.php(53): Illuminate\\Pipeline\\Pipeline->Illuminate\\Pipeline\\{closure}(Object(Illuminate\\Http\\Request))
#30 /home/vagrant/ssd/test-correct/vendor/laravel/framework/src/Illuminate/Foundation/Http/Middleware/CheckForMaintenanceMode.php(62): Illuminate\\Routing\\Pipeline->Illuminate\\Routing\\{closure}(Object(Illuminate\\Http\\Request))
#31 /home/vagrant/ssd/test-correct/vendor/laravel/framework/src/Illuminate/Pipeline/Pipeline.php(163): Illuminate\\Foundation\\Http\\Middleware\\CheckForMaintenanceMode->handle(Object(Illuminate\\Http\\Request), Object(Closure))
#32 /home/vagrant/ssd/test-correct/vendor/laravel/framework/src/Illuminate/Routing/Pipeline.php(53): Illuminate\\Pipeline\\Pipeline->Illuminate\\Pipeline\\{closure}(Object(Illuminate\\Http\\Request))
#33 /home/vagrant/ssd/test-correct/vendor/laravel/framework/src/Illuminate/Pipeline/Pipeline.php(104): Illuminate\\Routing\\Pipeline->Illuminate\\Routing\\{closure}(Object(Illuminate\\Http\\Request))
#34 /home/vagrant/ssd/test-correct/vendor/laravel/framework/src/Illuminate/Foundation/Http/Kernel.php(151): Illuminate\\Pipeline\\Pipeline->then(Object(Closure))
#35 /home/vagrant/ssd/test-correct/vendor/laravel/framework/src/Illuminate/Foundation/Http/Kernel.php(116): Illuminate\\Foundation\\Http\\Kernel->sendRequestThroughRouter(Object(Illuminate\\Http\\Request))
#36 /home/vagrant/ssd/test-correct/public/index.php(298): Illuminate\\Foundation\\Http\\Kernel->handle(Object(Illuminate\\Http\\Request))
#37 {main}
"} 
[2019-07-24 13:48:57] local.ERROR: Class 'tcCore\Providers\NotFoundHttpException' not found {"userId":1486,"exception":"[object] (Symfony\\Component\\Debug\\Exception\\FatalThrowableError(code: 0): Class 'tcCore\\Providers\\NotFoundHttpException' not found at /home/vagrant/ssd/test-correct/app/Providers/RouteServiceProvider.php:222)
[stacktrace]
#0 [internal function]: tcCore\\Providers\\RouteServiceProvider->tcCore\\Providers\\{closure}('undefined')
#1 /home/vagrant/ssd/test-correct/vendor/laravel/framework/src/Illuminate/Routing/RouteBinding.php(76): call_user_func(Object(Closure), 'undefined')
#2 [internal function]: Illuminate\\Routing\\RouteBinding::Illuminate\\Routing\\{closure}('undefined', Object(Illuminate\\Routing\\Route))
#3 /home/vagrant/ssd/test-correct/vendor/laravel/framework/src/Illuminate/Routing/Router.php(802): call_user_func(Object(Closure), 'undefined', Object(Illuminate\\Routing\\Route))
#4 /home/vagrant/ssd/test-correct/vendor/laravel/framework/src/Illuminate/Routing/Router.php(770): Illuminate\\Routing\\Router->performBinding('test', 'undefined', Object(Illuminate\\Routing\\Route))
#5 /home/vagrant/ssd/test-correct/vendor/laravel/framework/src/Illuminate/Routing/Middleware/SubstituteBindings.php(37): Illuminate\\Routing\\Router->substituteBindings(Object(Illuminate\\Routing\\Route))
#6 /home/vagrant/ssd/test-correct/vendor/laravel/framework/src/Illuminate/Pipeline/Pipeline.php(163): Illuminate\\Routing\\Middleware\\SubstituteBindings->handle(Object(Illuminate\\Http\\Request), Object(Closure))
#7 /home/vagrant/ssd/test-correct/vendor/laravel/framework/src/Illuminate/Routing/Pipeline.php(53): Illuminate\\Pipeline\\Pipeline->Illuminate\\Pipeline\\{closure}(Object(Illuminate\\Http\\Request))
#8 /home/vagrant/ssd/test-correct/app/Http/Middleware/AuthorizeBinds.php(25): Illuminate\\Routing\\Pipeline->Illuminate\\Routing\\{closure}(Object(Illuminate\\Http\\Request))
#9 /home/vagrant/ssd/test-correct/vendor/laravel/framework/src/Illuminate/Pipeline/Pipeline.php(163): tcCore\\Http\\Middleware\\AuthorizeBinds->handle(Object(Illuminate\\Http\\Request), Object(Closure))
#10 /home/vagrant/ssd/test-correct/vendor/laravel/framework/src/Illuminate/Routing/Pipeline.php(53): Illuminate\\Pipeline\\Pipeline->Illuminate\\Pipeline\\{closure}(Object(Illuminate\\Http\\Request))
#11 /home/vagrant/ssd/test-correct/app/Http/Middleware/Authorize.php(132): Illuminate\\Routing\\Pipeline->Illuminate\\Routing\\{closure}(Object(Illuminate\\Http\\Request))
#12 /home/vagrant/ssd/test-correct/vendor/laravel/framework/src/Illuminate/Pipeline/Pipeline.php(163): tcCore\\Http\\Middleware\\Authorize->handle(Object(Illuminate\\Http\\Request), Object(Closure))
#13 /home/vagrant/ssd/test-correct/vendor/laravel/framework/src/Illuminate/Routing/Pipeline.php(53): Illuminate\\Pipeline\\Pipeline->Illuminate\\Pipeline\\{closure}(Object(Illuminate\\Http\\Request))
#14 /home/vagrant/ssd/test-correct/app/Http/Middleware/DuplicateLogin.php(31): Illuminate\\Routing\\Pipeline->Illuminate\\Routing\\{closure}(Object(Illuminate\\Http\\Request))
#15 /home/vagrant/ssd/test-correct/vendor/laravel/framework/src/Illuminate/Pipeline/Pipeline.php(163): tcCore\\Http\\Middleware\\DuplicateLogin->handle(Object(Illuminate\\Http\\Request), Object(Closure))
#16 /home/vagrant/ssd/test-correct/vendor/laravel/framework/src/Illuminate/Routing/Pipeline.php(53): Illuminate\\Pipeline\\Pipeline->Illuminate\\Pipeline\\{closure}(Object(Illuminate\\Http\\Request))
#17 /home/vagrant/ssd/test-correct/app/Http/Middleware/ApiKey.php(44): Illuminate\\Routing\\Pipeline->Illuminate\\Routing\\{closure}(Object(Illuminate\\Http\\Request))
#18 /home/vagrant/ssd/test-correct/vendor/laravel/framework/src/Illuminate/Pipeline/Pipeline.php(163): tcCore\\Http\\Middleware\\ApiKey->handle(Object(Illuminate\\Http\\Request), Object(Closure))
#19 /home/vagrant/ssd/test-correct/vendor/laravel/framework/src/Illuminate/Routing/Pipeline.php(53): Illuminate\\Pipeline\\Pipeline->Illuminate\\Pipeline\\{closure}(Object(Illuminate\\Http\\Request))
#20 /home/vagrant/ssd/test-correct/vendor/laravel/framework/src/Illuminate/Pipeline/Pipeline.php(104): Illuminate\\Routing\\Pipeline->Illuminate\\Routing\\{closure}(Object(Illuminate\\Http\\Request))
#21 /home/vagrant/ssd/test-correct/vendor/laravel/framework/src/Illuminate/Routing/Router.php(682): Illuminate\\Pipeline\\Pipeline->then(Object(Closure))
#22 /home/vagrant/ssd/test-correct/vendor/laravel/framework/src/Illuminate/Routing/Router.php(657): Illuminate\\Routing\\Router->runRouteWithinStack(Object(Illuminate\\Routing\\Route), Object(Illuminate\\Http\\Request))
#23 /home/vagrant/ssd/test-correct/vendor/laravel/framework/src/Illuminate/Routing/Router.php(623): Illuminate\\Routing\\Router->runRoute(Object(Illuminate\\Http\\Request), Object(Illuminate\\Routing\\Route))
#24 /home/vagrant/ssd/test-correct/vendor/laravel/framework/src/Illuminate/Routing/Router.php(612): Illuminate\\Routing\\Router->dispatchToRoute(Object(Illuminate\\Http\\Request))
#25 /home/vagrant/ssd/test-correct/vendor/laravel/framework/src/Illuminate/Foundation/Http/Kernel.php(176): Illuminate\\Routing\\Router->dispatch(Object(Illuminate\\Http\\Request))
#26 /home/vagrant/ssd/test-correct/vendor/laravel/framework/src/Illuminate/Routing/Pipeline.php(30): Illuminate\\Foundation\\Http\\Kernel->Illuminate\\Foundation\\Http\\{closure}(Object(Illuminate\\Http\\Request))
#27 /home/vagrant/ssd/test-correct/app/Http/Middleware/RequestLogger.php(25): Illuminate\\Routing\\Pipeline->Illuminate\\Routing\\{closure}(Object(Illuminate\\Http\\Request))
#28 /home/vagrant/ssd/test-correct/vendor/laravel/framework/src/Illuminate/Pipeline/Pipeline.php(163): tcCore\\Http\\Middleware\\RequestLogger->handle(Object(Illuminate\\Http\\Request), Object(Closure))
#29 /home/vagrant/ssd/test-correct/vendor/laravel/framework/src/Illuminate/Routing/Pipeline.php(53): Illuminate\\Pipeline\\Pipeline->Illuminate\\Pipeline\\{closure}(Object(Illuminate\\Http\\Request))
#30 /home/vagrant/ssd/test-correct/vendor/laravel/framework/src/Illuminate/Foundation/Http/Middleware/CheckForMaintenanceMode.php(62): Illuminate\\Routing\\Pipeline->Illuminate\\Routing\\{closure}(Object(Illuminate\\Http\\Request))
#31 /home/vagrant/ssd/test-correct/vendor/laravel/framework/src/Illuminate/Pipeline/Pipeline.php(163): Illuminate\\Foundation\\Http\\Middleware\\CheckForMaintenanceMode->handle(Object(Illuminate\\Http\\Request), Object(Closure))
#32 /home/vagrant/ssd/test-correct/vendor/laravel/framework/src/Illuminate/Routing/Pipeline.php(53): Illuminate\\Pipeline\\Pipeline->Illuminate\\Pipeline\\{closure}(Object(Illuminate\\Http\\Request))
#33 /home/vagrant/ssd/test-correct/vendor/laravel/framework/src/Illuminate/Pipeline/Pipeline.php(104): Illuminate\\Routing\\Pipeline->Illuminate\\Routing\\{closure}(Object(Illuminate\\Http\\Request))
#34 /home/vagrant/ssd/test-correct/vendor/laravel/framework/src/Illuminate/Foundation/Http/Kernel.php(151): Illuminate\\Pipeline\\Pipeline->then(Object(Closure))
#35 /home/vagrant/ssd/test-correct/vendor/laravel/framework/src/Illuminate/Foundation/Http/Kernel.php(116): Illuminate\\Foundation\\Http\\Kernel->sendRequestThroughRouter(Object(Illuminate\\Http\\Request))
#36 /home/vagrant/ssd/test-correct/public/index.php(298): Illuminate\\Foundation\\Http\\Kernel->handle(Object(Illuminate\\Http\\Request))
#37 {main}
"} 
[2019-07-24 14:26:45] testing.DEBUG: array (
)  
[2019-07-24 14:26:45] testing.DEBUG: array (
)  
[2019-07-24 14:26:45] testing.DEBUG: array (
)  
[2019-07-24 14:32:58] testing.DEBUG: array (
)  
[2019-07-24 14:32:58] testing.DEBUG: array (
)  
[2019-07-24 14:32:58] testing.DEBUG: array (
)  
[2019-07-24 14:53:50] testing.DEBUG: array (
)  
[2019-07-24 14:53:50] testing.DEBUG: array (
)  
[2019-07-24 14:53:50] testing.DEBUG: array (
)  
[2019-07-24 14:54:21] testing.DEBUG: {"id":1486,"created_at":"2018-12-21 16:55:42","updated_at":"2019-07-24 14:08:31","deleted_at":null,"sales_organization_id":null,"school_id":null,"school_location_id":1,"username":"d1@test-correct.nl","name_first":"Docent","name_suffix":"","name":"1","abbreviation":"d1","external_id":"d1","gender":null,"time_dispensation":0,"send_welcome_email":0,"note":"","profile_image_name":null,"profile_image_size":null,"profile_image_mime_type":null,"profile_image_extension":null,"count_accounts":0,"count_active_licenses":0,"count_expired_licenses":0,"count_last_test_taken":null,"count_licenses":0,"count_questions":0,"count_students":0,"count_teachers":0,"count_tests":0,"count_tests_taken":0,"count_tests_discussed":0}  
[2019-07-24 14:54:21] testing.DEBUG: d1@test-correct.nl  
[2019-07-24 14:54:21] testing.DEBUG: try updating passwrd p.vries@31.com1  
[2019-07-24 14:54:21] testing.DEBUG: array (
)  
[2019-07-24 14:54:21] testing.DEBUG: array (
)  
[2019-07-24 14:54:21] testing.DEBUG: array (
)  
[2019-07-24 14:54:41] testing.DEBUG: {"id":1486,"created_at":"2018-12-21 16:55:42","updated_at":"2019-07-24 14:08:31","deleted_at":null,"sales_organization_id":null,"school_id":null,"school_location_id":1,"username":"d1@test-correct.nl","name_first":"Docent","name_suffix":"","name":"1","abbreviation":"d1","external_id":"d1","gender":null,"time_dispensation":0,"send_welcome_email":0,"note":"","profile_image_name":null,"profile_image_size":null,"profile_image_mime_type":null,"profile_image_extension":null,"count_accounts":0,"count_active_licenses":0,"count_expired_licenses":0,"count_last_test_taken":null,"count_licenses":0,"count_questions":0,"count_students":0,"count_teachers":0,"count_tests":0,"count_tests_taken":0,"count_tests_discussed":0}  
[2019-07-24 14:54:41] testing.DEBUG: d1@test-correct.nl  
[2019-07-24 14:54:41] testing.DEBUG: try updating passwrd p.vries@31.com1  
[2019-07-24 14:54:42] testing.DEBUG: array (
)  
[2019-07-24 14:54:42] testing.DEBUG: array (
)  
[2019-07-24 14:54:42] testing.DEBUG: array (
)  
[2019-07-24 14:56:35] testing.DEBUG: {"id":1486,"created_at":"2018-12-21 16:55:42","updated_at":"2019-07-24 14:08:31","deleted_at":null,"sales_organization_id":null,"school_id":null,"school_location_id":1,"username":"d1@test-correct.nl","name_first":"Docent","name_suffix":"","name":"1","abbreviation":"d1","external_id":"d1","gender":null,"time_dispensation":0,"send_welcome_email":0,"note":"","profile_image_name":null,"profile_image_size":null,"profile_image_mime_type":null,"profile_image_extension":null,"count_accounts":0,"count_active_licenses":0,"count_expired_licenses":0,"count_last_test_taken":null,"count_licenses":0,"count_questions":0,"count_students":0,"count_teachers":0,"count_tests":0,"count_tests_taken":0,"count_tests_discussed":0}  
[2019-07-24 14:56:35] testing.DEBUG: d1@test-correct.nl  
[2019-07-24 14:56:35] testing.DEBUG: try updating passwrd p.vries@31.com1  
[2019-07-24 14:56:35] testing.DEBUG: array (
)  
[2019-07-24 14:56:36] testing.DEBUG: array (
)  
[2019-07-24 14:56:36] testing.DEBUG: array (
)  
[2019-07-24 15:00:41] testing.DEBUG: {"id":1486,"created_at":"2018-12-21 16:55:42","updated_at":"2019-07-24 14:08:31","deleted_at":null,"sales_organization_id":null,"school_id":null,"school_location_id":1,"username":"d1@test-correct.nl","name_first":"Docent","name_suffix":"","name":"1","abbreviation":"d1","external_id":"d1","gender":null,"time_dispensation":0,"send_welcome_email":0,"note":"","profile_image_name":null,"profile_image_size":null,"profile_image_mime_type":null,"profile_image_extension":null,"count_accounts":0,"count_active_licenses":0,"count_expired_licenses":0,"count_last_test_taken":null,"count_licenses":0,"count_questions":0,"count_students":0,"count_teachers":0,"count_tests":0,"count_tests_taken":0,"count_tests_discussed":0}  
[2019-07-24 15:00:41] testing.DEBUG: d1@test-correct.nl  
[2019-07-24 15:00:41] testing.DEBUG: try updating passwrd p.vries@31.com1  
[2019-07-24 15:00:42] testing.DEBUG: array (
)  
[2019-07-24 15:00:42] testing.DEBUG: array (
)  
[2019-07-24 15:00:42] testing.DEBUG: array (
)  
[2019-07-24 15:01:10] testing.DEBUG: {"id":1486,"created_at":"2018-12-21 16:55:42","updated_at":"2019-07-24 14:08:31","deleted_at":null,"sales_organization_id":null,"school_id":null,"school_location_id":1,"username":"d1@test-correct.nl","name_first":"Docent","name_suffix":"","name":"1","abbreviation":"d1","external_id":"d1","gender":null,"time_dispensation":0,"send_welcome_email":0,"note":"","profile_image_name":null,"profile_image_size":null,"profile_image_mime_type":null,"profile_image_extension":null,"count_accounts":0,"count_active_licenses":0,"count_expired_licenses":0,"count_last_test_taken":null,"count_licenses":0,"count_questions":0,"count_students":0,"count_teachers":0,"count_tests":0,"count_tests_taken":0,"count_tests_discussed":0}  
[2019-07-24 15:01:10] testing.DEBUG: d1@test-correct.nl  
[2019-07-24 15:01:10] testing.DEBUG: try updating passwrd p.vries@31.com1  
[2019-07-24 15:01:10] testing.DEBUG: array (
)  
[2019-07-24 15:01:10] testing.DEBUG: array (
)  
[2019-07-24 15:01:10] testing.DEBUG: array (
)  
[2019-07-24 15:08:15] testing.DEBUG: {"id":1486,"created_at":"2018-12-21 16:55:42","updated_at":"2019-07-24 15:02:54","deleted_at":null,"sales_organization_id":null,"school_id":null,"school_location_id":1,"username":"d1@test-correct.nl","name_first":"Docent","name_suffix":"","name":"1","abbreviation":"d1","external_id":"d1","gender":null,"time_dispensation":0,"send_welcome_email":0,"note":"","profile_image_name":null,"profile_image_size":null,"profile_image_mime_type":null,"profile_image_extension":null,"count_accounts":0,"count_active_licenses":0,"count_expired_licenses":0,"count_last_test_taken":null,"count_licenses":0,"count_questions":0,"count_students":0,"count_teachers":0,"count_tests":0,"count_tests_taken":0,"count_tests_discussed":0}  
[2019-07-24 15:08:15] testing.DEBUG: d1@test-correct.nl  
[2019-07-24 15:08:15] testing.DEBUG: try updating passwrd p.vries@31.com1  
[2019-07-24 15:08:15] testing.DEBUG: array (
)  
[2019-07-24 15:08:15] testing.DEBUG: array (
)  
[2019-07-24 15:08:15] testing.DEBUG: array (
)  
[2019-07-24 15:08:30] testing.DEBUG: {"id":1486,"created_at":"2018-12-21 16:55:42","updated_at":"2019-07-24 15:02:54","deleted_at":null,"sales_organization_id":null,"school_id":null,"school_location_id":1,"username":"d1@test-correct.nl","name_first":"Docent","name_suffix":"","name":"1","abbreviation":"d1","external_id":"d1","gender":null,"time_dispensation":0,"send_welcome_email":0,"note":"","profile_image_name":null,"profile_image_size":null,"profile_image_mime_type":null,"profile_image_extension":null,"count_accounts":0,"count_active_licenses":0,"count_expired_licenses":0,"count_last_test_taken":null,"count_licenses":0,"count_questions":0,"count_students":0,"count_teachers":0,"count_tests":0,"count_tests_taken":0,"count_tests_discussed":0}  
[2019-07-24 15:08:30] testing.DEBUG: d1@test-correct.nl  
[2019-07-24 15:08:30] testing.DEBUG: try updating passwrd p.vries@31.com1  
[2019-07-24 15:08:30] testing.DEBUG: array (
)  
[2019-07-24 15:08:30] testing.DEBUG: array (
)  
[2019-07-24 15:08:31] testing.DEBUG: array (
)  
[2019-07-24 15:09:00] testing.DEBUG: {"id":1486,"created_at":"2018-12-21 16:55:42","updated_at":"2019-07-24 15:02:54","deleted_at":null,"sales_organization_id":null,"school_id":null,"school_location_id":1,"username":"d1@test-correct.nl","name_first":"Docent","name_suffix":"","name":"1","abbreviation":"d1","external_id":"d1","gender":null,"time_dispensation":0,"send_welcome_email":0,"note":"","profile_image_name":null,"profile_image_size":null,"profile_image_mime_type":null,"profile_image_extension":null,"count_accounts":0,"count_active_licenses":0,"count_expired_licenses":0,"count_last_test_taken":null,"count_licenses":0,"count_questions":0,"count_students":0,"count_teachers":0,"count_tests":0,"count_tests_taken":0,"count_tests_discussed":0}  
[2019-07-24 15:09:00] testing.DEBUG: d1@test-correct.nl  
[2019-07-24 15:09:00] testing.DEBUG: try updating passwrd p.vries@31.com1  
[2019-07-24 15:09:00] testing.DEBUG: array (
)  
[2019-07-24 15:09:00] testing.DEBUG: array (
)  
[2019-07-24 15:09:00] testing.DEBUG: array (
)  
[2019-07-24 15:10:08] testing.DEBUG: {"id":1486,"created_at":"2018-12-21 16:55:42","updated_at":"2019-05-24 14:09:41","deleted_at":null,"sales_organization_id":null,"school_id":null,"school_location_id":1,"username":"d1@test-correct.nl","name_first":"Docent","name_suffix":"","name":"1","abbreviation":"d1","external_id":"d1","gender":null,"time_dispensation":0,"send_welcome_email":0,"note":"","profile_image_name":null,"profile_image_size":null,"profile_image_mime_type":null,"profile_image_extension":null,"count_accounts":0,"count_active_licenses":0,"count_expired_licenses":0,"count_last_test_taken":null,"count_licenses":0,"count_questions":0,"count_students":0,"count_teachers":0,"count_tests":0,"count_tests_taken":0,"count_tests_discussed":0}  
[2019-07-24 15:10:08] testing.DEBUG: d1@test-correct.nl  
[2019-07-24 15:10:08] testing.DEBUG: try updating passwrd p.vries@31.com1  
[2019-07-24 15:10:08] testing.DEBUG: array (
)  
[2019-07-24 15:10:08] testing.DEBUG: array (
)  
[2019-07-24 15:10:08] testing.DEBUG: array (
)  
[2019-07-24 15:10:14] testing.DEBUG: {"id":1486,"created_at":"2018-12-21 16:55:42","updated_at":"2019-05-24 14:09:41","deleted_at":null,"sales_organization_id":null,"school_id":null,"school_location_id":1,"username":"d1@test-correct.nl","name_first":"Docent","name_suffix":"","name":"1","abbreviation":"d1","external_id":"d1","gender":null,"time_dispensation":0,"send_welcome_email":0,"note":"","profile_image_name":null,"profile_image_size":null,"profile_image_mime_type":null,"profile_image_extension":null,"count_accounts":0,"count_active_licenses":0,"count_expired_licenses":0,"count_last_test_taken":null,"count_licenses":0,"count_questions":0,"count_students":0,"count_teachers":0,"count_tests":0,"count_tests_taken":0,"count_tests_discussed":0}  
[2019-07-24 15:10:14] testing.DEBUG: d1@test-correct.nl  
[2019-07-24 15:10:14] testing.DEBUG: try updating passwrd p.vries@31.com1  
[2019-07-24 15:10:14] testing.DEBUG: array (
)  
[2019-07-24 15:10:14] testing.DEBUG: array (
)  
[2019-07-24 15:10:14] testing.DEBUG: array (
)  
[2019-07-24 15:12:07] testing.DEBUG: {"id":1486,"created_at":"2018-12-21 16:55:42","updated_at":"2019-05-24 14:09:41","deleted_at":null,"sales_organization_id":null,"school_id":null,"school_location_id":1,"username":"d1@test-correct.nl","name_first":"Docent","name_suffix":"","name":"1","abbreviation":"d1","external_id":"d1","gender":null,"time_dispensation":0,"send_welcome_email":0,"note":"","profile_image_name":null,"profile_image_size":null,"profile_image_mime_type":null,"profile_image_extension":null,"count_accounts":0,"count_active_licenses":0,"count_expired_licenses":0,"count_last_test_taken":null,"count_licenses":0,"count_questions":0,"count_students":0,"count_teachers":0,"count_tests":0,"count_tests_taken":0,"count_tests_discussed":0}  
[2019-07-24 15:12:07] testing.DEBUG: d1@test-correct.nl  
[2019-07-24 15:12:07] testing.DEBUG: try updating passwrd p.vries@31.com1  
[2019-07-24 15:12:08] testing.DEBUG: array (
)  
[2019-07-24 15:12:08] testing.DEBUG: array (
)  
[2019-07-24 15:12:08] testing.DEBUG: array (
)  
[2019-07-24 15:14:09] testing.DEBUG: {"id":1486,"created_at":"2018-12-21 16:55:42","updated_at":"2019-05-24 14:09:41","deleted_at":null,"sales_organization_id":null,"school_id":null,"school_location_id":1,"username":"d1@test-correct.nl","name_first":"Docent","name_suffix":"","name":"1","abbreviation":"d1","external_id":"d1","gender":null,"time_dispensation":0,"send_welcome_email":0,"note":"","profile_image_name":null,"profile_image_size":null,"profile_image_mime_type":null,"profile_image_extension":null,"count_accounts":0,"count_active_licenses":0,"count_expired_licenses":0,"count_last_test_taken":null,"count_licenses":0,"count_questions":0,"count_students":0,"count_teachers":0,"count_tests":0,"count_tests_taken":0,"count_tests_discussed":0}  
[2019-07-24 15:14:09] testing.DEBUG: d1@test-correct.nl  
[2019-07-24 15:14:09] testing.DEBUG: try updating passwrd p.vries@31.com1  
[2019-07-24 15:14:10] testing.DEBUG: array (
)  
[2019-07-24 15:14:10] testing.DEBUG: array (
)  
[2019-07-24 15:14:10] testing.DEBUG: array (
)  
[2019-07-24 15:17:42] testing.DEBUG: {"id":1486,"created_at":"2018-12-21 16:55:42","updated_at":"2019-05-24 14:09:41","deleted_at":null,"sales_organization_id":null,"school_id":null,"school_location_id":1,"username":"d1@test-correct.nl","name_first":"Docent","name_suffix":"","name":"1","abbreviation":"d1","external_id":"d1","gender":null,"time_dispensation":0,"send_welcome_email":0,"note":"","profile_image_name":null,"profile_image_size":null,"profile_image_mime_type":null,"profile_image_extension":null,"count_accounts":0,"count_active_licenses":0,"count_expired_licenses":0,"count_last_test_taken":null,"count_licenses":0,"count_questions":0,"count_students":0,"count_teachers":0,"count_tests":0,"count_tests_taken":0,"count_tests_discussed":0}  
[2019-07-24 15:17:42] testing.DEBUG: d1@test-correct.nl  
[2019-07-24 15:17:42] testing.DEBUG: try updating passwrd p.vries@31.com1  
[2019-07-24 15:17:42] testing.DEBUG: array (
)  
[2019-07-24 15:17:42] testing.DEBUG: array (
)  
[2019-07-24 15:17:42] testing.DEBUG: array (
)  
